#
# A fatal error has been detected by the Java Runtime Environment:
#
#  Internal Error (./open/src/hotspot/share/interpreter/oopMapCache.cpp:111), pid=8932, tid=13180
#  Error: ShouldNotReachHere()
#
# JRE version: OpenJDK Runtime Environment (15.0.1+9) (build 15.0.1+9-18)
# Java VM: OpenJDK 64-Bit Server VM (15.0.1+9-18, mixed mode, tiered, compressed oops, g1 gc, windows-amd64)
# No core dump will be written. Minidumps are not enabled by default on client versions of Windows
#
# If you would like to submit a bug report, please visit:
#   https://bugreport.java.com/bugreport/crash.jsp
#

---------------  S U M M A R Y ------------

Command Line: -XX:+ShowCodeDetailsInExceptionMessages -agentlib:jdwp=transport=dt_socket,suspend=y,address=localhost:16948 -javaagent:C:\Users\john1\eclipse\java-2020-12\eclipse\configuration\org.eclipse.osgi\220\0\.cp\lib\javaagent-shaded.jar -Dfile.encoding=Cp1252 --module-path=D:\eclipse-workspace\Algo1\bin -Djdk.module.main=algo1 algo1/glassBallsEgg.GlassBallsEgg

Host: Intel(R) Core(TM) i7-6700 CPU @ 3.40GHz, 8 cores, 15G,  Windows 10 , 64 bit Build 18362 (10.0.18362.1316)
Time: Thu Jan 21 16:02:27 2021 West Bank Gaza Standard Time elapsed time: 2239.435215 seconds (0d 0h 37m 19s)

---------------  T H R E A D  ---------------

Current thread (0x0000021b36851200):  JavaThread "JDWP Transport Listener: dt_socket" daemon [_thread_in_vm, id=13180, stack(0x0000002424f00000,0x0000002425000000)] _threads_hazard_ptr=0x0000021b36e2f150

Stack: [0x0000002424f00000,0x0000002425000000]
Native frames: (J=compiled Java code, j=interpreted, Vv=VM code, C=native code)
V  [jvm.dll+0x62ae9a]
V  [jvm.dll+0x781389]
V  [jvm.dll+0x782ae3]
V  [jvm.dll+0x7830f7]
V  [jvm.dll+0x2161cc]
V  [jvm.dll+0x216113]
V  [jvm.dll+0x619caa]
V  [jvm.dll+0x619963]
V  [jvm.dll+0x5df038]
V  [jvm.dll+0x7783ef]
V  [jvm.dll+0x4f04b1]
V  [jvm.dll+0x787e95]
V  [jvm.dll+0x4d430a]
V  [jvm.dll+0x49548b]
C  [jdwp.dll+0x7f79]


---------------  P R O C E S S  ---------------

Threads class SMR info:
_java_thread_list=0x0000021b36e2f150, length=14, elements={
0x0000021b14dd9820, 0x0000021b3658c010, 0x0000021b3658f120, 0x0000021b36579f70,
0x0000021b365ac010, 0x0000021b365ad4f0, 0x0000021b365b2f40, 0x0000021b365b61a0,
0x0000021b3661d270, 0x0000021b35ce9e00, 0x0000021b36851200, 0x0000021b368ce820,
0x0000021b36d741f0, 0x0000021b36dc0ce0
}

Java Threads: ( => current thread )
  0x0000021b14dd9820 JavaThread "main" [_thread_blocked, id=14132, stack(0x0000002423f00000,0x0000002424000000)]
  0x0000021b3658c010 JavaThread "Reference Handler" daemon [_thread_blocked, id=15240, stack(0x0000002424600000,0x0000002424700000)]
  0x0000021b3658f120 JavaThread "Finalizer" daemon [_thread_blocked, id=14844, stack(0x0000002424700000,0x0000002424800000)]
  0x0000021b36579f70 JavaThread "Signal Dispatcher" daemon [_thread_blocked, id=13912, stack(0x0000002424800000,0x0000002424900000)]
  0x0000021b365ac010 JavaThread "Attach Listener" daemon [_thread_blocked, id=15268, stack(0x0000002424900000,0x0000002424a00000)]
  0x0000021b365ad4f0 JavaThread "Service Thread" daemon [_thread_blocked, id=14404, stack(0x0000002424a00000,0x0000002424b00000)]
  0x0000021b365b2f40 JavaThread "C2 CompilerThread0" daemon [_thread_blocked, id=14436, stack(0x0000002424b00000,0x0000002424c00000)]
  0x0000021b365b61a0 JavaThread "C1 CompilerThread0" daemon [_thread_blocked, id=13804, stack(0x0000002424c00000,0x0000002424d00000)]
  0x0000021b3661d270 JavaThread "Sweeper thread" daemon [_thread_blocked, id=12832, stack(0x0000002424d00000,0x0000002424e00000)]
  0x0000021b35ce9e00 JavaThread "Common-Cleaner" daemon [_thread_blocked, id=5412, stack(0x0000002424e00000,0x0000002424f00000)]
=>0x0000021b36851200 JavaThread "JDWP Transport Listener: dt_socket" daemon [_thread_in_vm, id=13180, stack(0x0000002424f00000,0x0000002425000000)] _threads_hazard_ptr=0x0000021b36e2f150
  0x0000021b368ce820 JavaThread "JDWP Event Helper Thread" daemon [_thread_blocked, id=10940, stack(0x0000002425000000,0x0000002425100000)]
  0x0000021b36d741f0 JavaThread "JDWP Command Reader" daemon [_thread_in_native, id=1068, stack(0x0000002425100000,0x0000002425200000)]
  0x0000021b36dc0ce0 JavaThread "Notification Thread" daemon [_thread_blocked, id=13088, stack(0x0000002425300000,0x0000002425400000)]

Other Threads:
  0x0000021b36555420 VMThread "VM Thread" [stack: 0x0000002424500000,0x0000002424600000] [id=9180]
  0x0000021b14dda4e0 WatcherThread [stack: 0x0000002425400000,0x0000002425500000] [id=9348]
  0x0000021b14e2aec0 GCTaskThread "GC Thread#0" [stack: 0x0000002424000000,0x0000002424100000] [id=12284]
  0x0000021b14e3d7f0 ConcurrentGCThread "G1 Main Marker" [stack: 0x0000002424100000,0x0000002424200000] [id=1104]
  0x0000021b14e3e2f0 ConcurrentGCThread "G1 Conc#0" [stack: 0x0000002424200000,0x0000002424300000] [id=14820]
  0x0000021b35b844e0 ConcurrentGCThread "G1 Refine#0" [stack: 0x0000002424300000,0x0000002424400000] [id=12064]
  0x0000021b14e923f0 ConcurrentGCThread "G1 Young RemSet Sampling" [stack: 0x0000002424400000,0x0000002424500000] [id=1692]

Threads with active compile tasks:

VM state: not at safepoint (normal execution)

VM Mutex/Monitor currently owned by a thread: None

Heap address: 0x0000000700a00000, size: 4086 MB, Compressed Oops mode: Zero based, Oop shift amount: 3
CDS disabled.
Compressed class space mapped at: 0x0000000800000000-0x0000000840000000, size: 1073741824
Narrow klass base: 0x0000000800000000, Narrow klass shift: 0, Narrow klass range: 0x40000000

GC Precious Log:
 CPUs: 8 total, 8 available
 Memory: 16336M
 Large Page Support: Disabled
 NUMA Support: Disabled
 Compressed Oops: Enabled (Zero based)
 Heap Region Size: 2M
 Heap Min Capacity: 8M
 Heap Initial Capacity: 256M
 Heap Max Capacity: 4086M
 Pre-touch: Disabled
 Parallel Workers: 8
 Concurrent Workers: 2
 Concurrent Refinement Workers: 8
 Periodic GC: Disabled

Heap:
 garbage-first heap   total 262144K, used 6144K [0x0000000700a00000, 0x0000000800000000)
  region size 2048K, 4 young (8192K), 0 survivors (0K)
 Metaspace       used 9805K, capacity 9920K, committed 10240K, reserved 1058816K
  class space    used 865K, capacity 919K, committed 1024K, reserved 1048576K

Heap Regions: E=young(eden), S=young(survivor), O=old, HS=humongous(starts), HC=humongous(continues), CS=collection set, F=free, OA=open archive, CA=closed archive, TAMS=top-at-mark-start (previous, next)
|   0|0x0000000700a00000, 0x0000000700a00000, 0x0000000700c00000|  0%| F|  |TAMS 0x0000000700a00000, 0x0000000700a00000| Untracked 
|   1|0x0000000700c00000, 0x0000000700c00000, 0x0000000700e00000|  0%| F|  |TAMS 0x0000000700c00000, 0x0000000700c00000| Untracked 
|   2|0x0000000700e00000, 0x0000000700e00000, 0x0000000701000000|  0%| F|  |TAMS 0x0000000700e00000, 0x0000000700e00000| Untracked 
|   3|0x0000000701000000, 0x0000000701000000, 0x0000000701200000|  0%| F|  |TAMS 0x0000000701000000, 0x0000000701000000| Untracked 
|   4|0x0000000701200000, 0x0000000701200000, 0x0000000701400000|  0%| F|  |TAMS 0x0000000701200000, 0x0000000701200000| Untracked 
|   5|0x0000000701400000, 0x0000000701400000, 0x0000000701600000|  0%| F|  |TAMS 0x0000000701400000, 0x0000000701400000| Untracked 
|   6|0x0000000701600000, 0x0000000701600000, 0x0000000701800000|  0%| F|  |TAMS 0x0000000701600000, 0x0000000701600000| Untracked 
|   7|0x0000000701800000, 0x0000000701800000, 0x0000000701a00000|  0%| F|  |TAMS 0x0000000701800000, 0x0000000701800000| Untracked 
|   8|0x0000000701a00000, 0x0000000701a00000, 0x0000000701c00000|  0%| F|  |TAMS 0x0000000701a00000, 0x0000000701a00000| Untracked 
|   9|0x0000000701c00000, 0x0000000701c00000, 0x0000000701e00000|  0%| F|  |TAMS 0x0000000701c00000, 0x0000000701c00000| Untracked 
|  10|0x0000000701e00000, 0x0000000701e00000, 0x0000000702000000|  0%| F|  |TAMS 0x0000000701e00000, 0x0000000701e00000| Untracked 
|  11|0x0000000702000000, 0x0000000702000000, 0x0000000702200000|  0%| F|  |TAMS 0x0000000702000000, 0x0000000702000000| Untracked 
|  12|0x0000000702200000, 0x0000000702200000, 0x0000000702400000|  0%| F|  |TAMS 0x0000000702200000, 0x0000000702200000| Untracked 
|  13|0x0000000702400000, 0x0000000702400000, 0x0000000702600000|  0%| F|  |TAMS 0x0000000702400000, 0x0000000702400000| Untracked 
|  14|0x0000000702600000, 0x0000000702600000, 0x0000000702800000|  0%| F|  |TAMS 0x0000000702600000, 0x0000000702600000| Untracked 
|  15|0x0000000702800000, 0x0000000702800000, 0x0000000702a00000|  0%| F|  |TAMS 0x0000000702800000, 0x0000000702800000| Untracked 
|  16|0x0000000702a00000, 0x0000000702a00000, 0x0000000702c00000|  0%| F|  |TAMS 0x0000000702a00000, 0x0000000702a00000| Untracked 
|  17|0x0000000702c00000, 0x0000000702c00000, 0x0000000702e00000|  0%| F|  |TAMS 0x0000000702c00000, 0x0000000702c00000| Untracked 
|  18|0x0000000702e00000, 0x0000000702e00000, 0x0000000703000000|  0%| F|  |TAMS 0x0000000702e00000, 0x0000000702e00000| Untracked 
|  19|0x0000000703000000, 0x0000000703000000, 0x0000000703200000|  0%| F|  |TAMS 0x0000000703000000, 0x0000000703000000| Untracked 
|  20|0x0000000703200000, 0x0000000703200000, 0x0000000703400000|  0%| F|  |TAMS 0x0000000703200000, 0x0000000703200000| Untracked 
|  21|0x0000000703400000, 0x0000000703400000, 0x0000000703600000|  0%| F|  |TAMS 0x0000000703400000, 0x0000000703400000| Untracked 
|  22|0x0000000703600000, 0x0000000703600000, 0x0000000703800000|  0%| F|  |TAMS 0x0000000703600000, 0x0000000703600000| Untracked 
|  23|0x0000000703800000, 0x0000000703800000, 0x0000000703a00000|  0%| F|  |TAMS 0x0000000703800000, 0x0000000703800000| Untracked 
|  24|0x0000000703a00000, 0x0000000703a00000, 0x0000000703c00000|  0%| F|  |TAMS 0x0000000703a00000, 0x0000000703a00000| Untracked 
|  25|0x0000000703c00000, 0x0000000703c00000, 0x0000000703e00000|  0%| F|  |TAMS 0x0000000703c00000, 0x0000000703c00000| Untracked 
|  26|0x0000000703e00000, 0x0000000703e00000, 0x0000000704000000|  0%| F|  |TAMS 0x0000000703e00000, 0x0000000703e00000| Untracked 
|  27|0x0000000704000000, 0x0000000704000000, 0x0000000704200000|  0%| F|  |TAMS 0x0000000704000000, 0x0000000704000000| Untracked 
|  28|0x0000000704200000, 0x0000000704200000, 0x0000000704400000|  0%| F|  |TAMS 0x0000000704200000, 0x0000000704200000| Untracked 
|  29|0x0000000704400000, 0x0000000704400000, 0x0000000704600000|  0%| F|  |TAMS 0x0000000704400000, 0x0000000704400000| Untracked 
|  30|0x0000000704600000, 0x0000000704600000, 0x0000000704800000|  0%| F|  |TAMS 0x0000000704600000, 0x0000000704600000| Untracked 
|  31|0x0000000704800000, 0x0000000704800000, 0x0000000704a00000|  0%| F|  |TAMS 0x0000000704800000, 0x0000000704800000| Untracked 
|  32|0x0000000704a00000, 0x0000000704a00000, 0x0000000704c00000|  0%| F|  |TAMS 0x0000000704a00000, 0x0000000704a00000| Untracked 
|  33|0x0000000704c00000, 0x0000000704c00000, 0x0000000704e00000|  0%| F|  |TAMS 0x0000000704c00000, 0x0000000704c00000| Untracked 
|  34|0x0000000704e00000, 0x0000000704e00000, 0x0000000705000000|  0%| F|  |TAMS 0x0000000704e00000, 0x0000000704e00000| Untracked 
|  35|0x0000000705000000, 0x0000000705000000, 0x0000000705200000|  0%| F|  |TAMS 0x0000000705000000, 0x0000000705000000| Untracked 
|  36|0x0000000705200000, 0x0000000705200000, 0x0000000705400000|  0%| F|  |TAMS 0x0000000705200000, 0x0000000705200000| Untracked 
|  37|0x0000000705400000, 0x0000000705400000, 0x0000000705600000|  0%| F|  |TAMS 0x0000000705400000, 0x0000000705400000| Untracked 
|  38|0x0000000705600000, 0x0000000705600000, 0x0000000705800000|  0%| F|  |TAMS 0x0000000705600000, 0x0000000705600000| Untracked 
|  39|0x0000000705800000, 0x0000000705800000, 0x0000000705a00000|  0%| F|  |TAMS 0x0000000705800000, 0x0000000705800000| Untracked 
|  40|0x0000000705a00000, 0x0000000705a00000, 0x0000000705c00000|  0%| F|  |TAMS 0x0000000705a00000, 0x0000000705a00000| Untracked 
|  41|0x0000000705c00000, 0x0000000705c00000, 0x0000000705e00000|  0%| F|  |TAMS 0x0000000705c00000, 0x0000000705c00000| Untracked 
|  42|0x0000000705e00000, 0x0000000705e00000, 0x0000000706000000|  0%| F|  |TAMS 0x0000000705e00000, 0x0000000705e00000| Untracked 
|  43|0x0000000706000000, 0x0000000706000000, 0x0000000706200000|  0%| F|  |TAMS 0x0000000706000000, 0x0000000706000000| Untracked 
|  44|0x0000000706200000, 0x0000000706200000, 0x0000000706400000|  0%| F|  |TAMS 0x0000000706200000, 0x0000000706200000| Untracked 
|  45|0x0000000706400000, 0x0000000706400000, 0x0000000706600000|  0%| F|  |TAMS 0x0000000706400000, 0x0000000706400000| Untracked 
|  46|0x0000000706600000, 0x0000000706600000, 0x0000000706800000|  0%| F|  |TAMS 0x0000000706600000, 0x0000000706600000| Untracked 
|  47|0x0000000706800000, 0x0000000706800000, 0x0000000706a00000|  0%| F|  |TAMS 0x0000000706800000, 0x0000000706800000| Untracked 
|  48|0x0000000706a00000, 0x0000000706a00000, 0x0000000706c00000|  0%| F|  |TAMS 0x0000000706a00000, 0x0000000706a00000| Untracked 
|  49|0x0000000706c00000, 0x0000000706c00000, 0x0000000706e00000|  0%| F|  |TAMS 0x0000000706c00000, 0x0000000706c00000| Untracked 
|  50|0x0000000706e00000, 0x0000000706e00000, 0x0000000707000000|  0%| F|  |TAMS 0x0000000706e00000, 0x0000000706e00000| Untracked 
|  51|0x0000000707000000, 0x0000000707000000, 0x0000000707200000|  0%| F|  |TAMS 0x0000000707000000, 0x0000000707000000| Untracked 
|  52|0x0000000707200000, 0x0000000707200000, 0x0000000707400000|  0%| F|  |TAMS 0x0000000707200000, 0x0000000707200000| Untracked 
|  53|0x0000000707400000, 0x0000000707400000, 0x0000000707600000|  0%| F|  |TAMS 0x0000000707400000, 0x0000000707400000| Untracked 
|  54|0x0000000707600000, 0x0000000707600000, 0x0000000707800000|  0%| F|  |TAMS 0x0000000707600000, 0x0000000707600000| Untracked 
|  55|0x0000000707800000, 0x0000000707800000, 0x0000000707a00000|  0%| F|  |TAMS 0x0000000707800000, 0x0000000707800000| Untracked 
|  56|0x0000000707a00000, 0x0000000707a00000, 0x0000000707c00000|  0%| F|  |TAMS 0x0000000707a00000, 0x0000000707a00000| Untracked 
|  57|0x0000000707c00000, 0x0000000707c00000, 0x0000000707e00000|  0%| F|  |TAMS 0x0000000707c00000, 0x0000000707c00000| Untracked 
|  58|0x0000000707e00000, 0x0000000707e00000, 0x0000000708000000|  0%| F|  |TAMS 0x0000000707e00000, 0x0000000707e00000| Untracked 
|  59|0x0000000708000000, 0x0000000708000000, 0x0000000708200000|  0%| F|  |TAMS 0x0000000708000000, 0x0000000708000000| Untracked 
|  60|0x0000000708200000, 0x0000000708200000, 0x0000000708400000|  0%| F|  |TAMS 0x0000000708200000, 0x0000000708200000| Untracked 
|  61|0x0000000708400000, 0x0000000708400000, 0x0000000708600000|  0%| F|  |TAMS 0x0000000708400000, 0x0000000708400000| Untracked 
|  62|0x0000000708600000, 0x0000000708600000, 0x0000000708800000|  0%| F|  |TAMS 0x0000000708600000, 0x0000000708600000| Untracked 
|  63|0x0000000708800000, 0x0000000708800000, 0x0000000708a00000|  0%| F|  |TAMS 0x0000000708800000, 0x0000000708800000| Untracked 
|  64|0x0000000708a00000, 0x0000000708a00000, 0x0000000708c00000|  0%| F|  |TAMS 0x0000000708a00000, 0x0000000708a00000| Untracked 
|  65|0x0000000708c00000, 0x0000000708c00000, 0x0000000708e00000|  0%| F|  |TAMS 0x0000000708c00000, 0x0000000708c00000| Untracked 
|  66|0x0000000708e00000, 0x0000000708e00000, 0x0000000709000000|  0%| F|  |TAMS 0x0000000708e00000, 0x0000000708e00000| Untracked 
|  67|0x0000000709000000, 0x0000000709000000, 0x0000000709200000|  0%| F|  |TAMS 0x0000000709000000, 0x0000000709000000| Untracked 
|  68|0x0000000709200000, 0x0000000709200000, 0x0000000709400000|  0%| F|  |TAMS 0x0000000709200000, 0x0000000709200000| Untracked 
|  69|0x0000000709400000, 0x0000000709400000, 0x0000000709600000|  0%| F|  |TAMS 0x0000000709400000, 0x0000000709400000| Untracked 
|  70|0x0000000709600000, 0x0000000709600000, 0x0000000709800000|  0%| F|  |TAMS 0x0000000709600000, 0x0000000709600000| Untracked 
|  71|0x0000000709800000, 0x0000000709800000, 0x0000000709a00000|  0%| F|  |TAMS 0x0000000709800000, 0x0000000709800000| Untracked 
|  72|0x0000000709a00000, 0x0000000709a00000, 0x0000000709c00000|  0%| F|  |TAMS 0x0000000709a00000, 0x0000000709a00000| Untracked 
|  73|0x0000000709c00000, 0x0000000709c00000, 0x0000000709e00000|  0%| F|  |TAMS 0x0000000709c00000, 0x0000000709c00000| Untracked 
|  74|0x0000000709e00000, 0x0000000709e00000, 0x000000070a000000|  0%| F|  |TAMS 0x0000000709e00000, 0x0000000709e00000| Untracked 
|  75|0x000000070a000000, 0x000000070a000000, 0x000000070a200000|  0%| F|  |TAMS 0x000000070a000000, 0x000000070a000000| Untracked 
|  76|0x000000070a200000, 0x000000070a200000, 0x000000070a400000|  0%| F|  |TAMS 0x000000070a200000, 0x000000070a200000| Untracked 
|  77|0x000000070a400000, 0x000000070a400000, 0x000000070a600000|  0%| F|  |TAMS 0x000000070a400000, 0x000000070a400000| Untracked 
|  78|0x000000070a600000, 0x000000070a600000, 0x000000070a800000|  0%| F|  |TAMS 0x000000070a600000, 0x000000070a600000| Untracked 
|  79|0x000000070a800000, 0x000000070a800000, 0x000000070aa00000|  0%| F|  |TAMS 0x000000070a800000, 0x000000070a800000| Untracked 
|  80|0x000000070aa00000, 0x000000070aa00000, 0x000000070ac00000|  0%| F|  |TAMS 0x000000070aa00000, 0x000000070aa00000| Untracked 
|  81|0x000000070ac00000, 0x000000070ac00000, 0x000000070ae00000|  0%| F|  |TAMS 0x000000070ac00000, 0x000000070ac00000| Untracked 
|  82|0x000000070ae00000, 0x000000070ae00000, 0x000000070b000000|  0%| F|  |TAMS 0x000000070ae00000, 0x000000070ae00000| Untracked 
|  83|0x000000070b000000, 0x000000070b000000, 0x000000070b200000|  0%| F|  |TAMS 0x000000070b000000, 0x000000070b000000| Untracked 
|  84|0x000000070b200000, 0x000000070b200000, 0x000000070b400000|  0%| F|  |TAMS 0x000000070b200000, 0x000000070b200000| Untracked 
|  85|0x000000070b400000, 0x000000070b400000, 0x000000070b600000|  0%| F|  |TAMS 0x000000070b400000, 0x000000070b400000| Untracked 
|  86|0x000000070b600000, 0x000000070b600000, 0x000000070b800000|  0%| F|  |TAMS 0x000000070b600000, 0x000000070b600000| Untracked 
|  87|0x000000070b800000, 0x000000070b800000, 0x000000070ba00000|  0%| F|  |TAMS 0x000000070b800000, 0x000000070b800000| Untracked 
|  88|0x000000070ba00000, 0x000000070ba00000, 0x000000070bc00000|  0%| F|  |TAMS 0x000000070ba00000, 0x000000070ba00000| Untracked 
|  89|0x000000070bc00000, 0x000000070bc00000, 0x000000070be00000|  0%| F|  |TAMS 0x000000070bc00000, 0x000000070bc00000| Untracked 
|  90|0x000000070be00000, 0x000000070be00000, 0x000000070c000000|  0%| F|  |TAMS 0x000000070be00000, 0x000000070be00000| Untracked 
|  91|0x000000070c000000, 0x000000070c000000, 0x000000070c200000|  0%| F|  |TAMS 0x000000070c000000, 0x000000070c000000| Untracked 
|  92|0x000000070c200000, 0x000000070c200000, 0x000000070c400000|  0%| F|  |TAMS 0x000000070c200000, 0x000000070c200000| Untracked 
|  93|0x000000070c400000, 0x000000070c400000, 0x000000070c600000|  0%| F|  |TAMS 0x000000070c400000, 0x000000070c400000| Untracked 
|  94|0x000000070c600000, 0x000000070c600000, 0x000000070c800000|  0%| F|  |TAMS 0x000000070c600000, 0x000000070c600000| Untracked 
|  95|0x000000070c800000, 0x000000070c800000, 0x000000070ca00000|  0%| F|  |TAMS 0x000000070c800000, 0x000000070c800000| Untracked 
|  96|0x000000070ca00000, 0x000000070ca00000, 0x000000070cc00000|  0%| F|  |TAMS 0x000000070ca00000, 0x000000070ca00000| Untracked 
|  97|0x000000070cc00000, 0x000000070cc00000, 0x000000070ce00000|  0%| F|  |TAMS 0x000000070cc00000, 0x000000070cc00000| Untracked 
|  98|0x000000070ce00000, 0x000000070ce00000, 0x000000070d000000|  0%| F|  |TAMS 0x000000070ce00000, 0x000000070ce00000| Untracked 
|  99|0x000000070d000000, 0x000000070d000000, 0x000000070d200000|  0%| F|  |TAMS 0x000000070d000000, 0x000000070d000000| Untracked 
| 100|0x000000070d200000, 0x000000070d200000, 0x000000070d400000|  0%| F|  |TAMS 0x000000070d200000, 0x000000070d200000| Untracked 
| 101|0x000000070d400000, 0x000000070d400000, 0x000000070d600000|  0%| F|  |TAMS 0x000000070d400000, 0x000000070d400000| Untracked 
| 102|0x000000070d600000, 0x000000070d600000, 0x000000070d800000|  0%| F|  |TAMS 0x000000070d600000, 0x000000070d600000| Untracked 
| 103|0x000000070d800000, 0x000000070d800000, 0x000000070da00000|  0%| F|  |TAMS 0x000000070d800000, 0x000000070d800000| Untracked 
| 104|0x000000070da00000, 0x000000070da00000, 0x000000070dc00000|  0%| F|  |TAMS 0x000000070da00000, 0x000000070da00000| Untracked 
| 105|0x000000070dc00000, 0x000000070dc00000, 0x000000070de00000|  0%| F|  |TAMS 0x000000070dc00000, 0x000000070dc00000| Untracked 
| 106|0x000000070de00000, 0x000000070de00000, 0x000000070e000000|  0%| F|  |TAMS 0x000000070de00000, 0x000000070de00000| Untracked 
| 107|0x000000070e000000, 0x000000070e000000, 0x000000070e200000|  0%| F|  |TAMS 0x000000070e000000, 0x000000070e000000| Untracked 
| 108|0x000000070e200000, 0x000000070e200000, 0x000000070e400000|  0%| F|  |TAMS 0x000000070e200000, 0x000000070e200000| Untracked 
| 109|0x000000070e400000, 0x000000070e400000, 0x000000070e600000|  0%| F|  |TAMS 0x000000070e400000, 0x000000070e400000| Untracked 
| 110|0x000000070e600000, 0x000000070e600000, 0x000000070e800000|  0%| F|  |TAMS 0x000000070e600000, 0x000000070e600000| Untracked 
| 111|0x000000070e800000, 0x000000070e800000, 0x000000070ea00000|  0%| F|  |TAMS 0x000000070e800000, 0x000000070e800000| Untracked 
| 112|0x000000070ea00000, 0x000000070ea00000, 0x000000070ec00000|  0%| F|  |TAMS 0x000000070ea00000, 0x000000070ea00000| Untracked 
| 113|0x000000070ec00000, 0x000000070ec00000, 0x000000070ee00000|  0%| F|  |TAMS 0x000000070ec00000, 0x000000070ec00000| Untracked 
| 114|0x000000070ee00000, 0x000000070ee00000, 0x000000070f000000|  0%| F|  |TAMS 0x000000070ee00000, 0x000000070ee00000| Untracked 
| 115|0x000000070f000000, 0x000000070f000000, 0x000000070f200000|  0%| F|  |TAMS 0x000000070f000000, 0x000000070f000000| Untracked 
| 116|0x000000070f200000, 0x000000070f200000, 0x000000070f400000|  0%| F|  |TAMS 0x000000070f200000, 0x000000070f200000| Untracked 
| 117|0x000000070f400000, 0x000000070f400000, 0x000000070f600000|  0%| F|  |TAMS 0x000000070f400000, 0x000000070f400000| Untracked 
| 118|0x000000070f600000, 0x000000070f600000, 0x000000070f800000|  0%| F|  |TAMS 0x000000070f600000, 0x000000070f600000| Untracked 
| 119|0x000000070f800000, 0x000000070f800000, 0x000000070fa00000|  0%| F|  |TAMS 0x000000070f800000, 0x000000070f800000| Untracked 
| 120|0x000000070fa00000, 0x000000070fa00000, 0x000000070fc00000|  0%| F|  |TAMS 0x000000070fa00000, 0x000000070fa00000| Untracked 
| 121|0x000000070fc00000, 0x000000070fc00000, 0x000000070fe00000|  0%| F|  |TAMS 0x000000070fc00000, 0x000000070fc00000| Untracked 
| 122|0x000000070fe00000, 0x000000070fe00000, 0x0000000710000000|  0%| F|  |TAMS 0x000000070fe00000, 0x000000070fe00000| Untracked 
| 123|0x0000000710000000, 0x0000000710000000, 0x0000000710200000|  0%| F|  |TAMS 0x0000000710000000, 0x0000000710000000| Untracked 
| 124|0x0000000710200000, 0x0000000710353ae0, 0x0000000710400000| 66%| E|  |TAMS 0x0000000710200000, 0x0000000710200000| Complete 
| 125|0x0000000710400000, 0x0000000710600000, 0x0000000710600000|100%| E|CS|TAMS 0x0000000710400000, 0x0000000710400000| Complete 
| 126|0x0000000710600000, 0x0000000710800000, 0x0000000710800000|100%| E|CS|TAMS 0x0000000710600000, 0x0000000710600000| Complete 
| 127|0x0000000710800000, 0x0000000710a00000, 0x0000000710a00000|100%| E|CS|TAMS 0x0000000710800000, 0x0000000710800000| Complete 

Card table byte_map: [0x0000021b2a230000,0x0000021b2aa30000] _byte_map_base: 0x0000021b26a2b000

Marking Bits (Prev, Next): (CMBitMap*) 0x0000021b14e2b640, (CMBitMap*) 0x0000021b14e2b680
 Prev Bits: [0x0000021b2b230000, 0x0000021b2f208000)
 Next Bits: [0x0000021b2f210000, 0x0000021b331e8000)

Polling page: 0x0000021b14ea0000

Metaspace:

Usage:
  Non-class:      8.79 MB capacity,     8.73 MB (>99%) used,    55.14 KB ( <1%) free+waste,     6.06 KB ( <1%) overhead. 
      Class:    919.00 KB capacity,   865.55 KB ( 94%) used,    51.45 KB (  6%) free+waste,     2.00 KB ( <1%) overhead. 
       Both:      9.69 MB capacity,     9.58 MB ( 99%) used,   106.59 KB (  1%) free+waste,     8.06 KB ( <1%) overhead. 

Virtual space:
  Non-class space:       10.00 MB reserved,       9.00 MB ( 90%) committed 
      Class space:        1.00 GB reserved,       1.00 MB ( <1%) committed 
             Both:        1.01 GB reserved,      10.00 MB ( <1%) committed 

Chunk freelists:
   Non-Class:  23.00 KB
       Class:  9.00 KB
        Both:  32.00 KB

MaxMetaspaceSize: 17179869184.00 GB
CompressedClassSpaceSize: 1.00 GB

CodeHeap 'non-profiled nmethods': size=120000Kb used=140Kb max_used=140Kb free=119859Kb
 bounds [0x0000021b21a80000, 0x0000021b21cf0000, 0x0000021b28fb0000]
CodeHeap 'profiled nmethods': size=120000Kb used=625Kb max_used=625Kb free=119374Kb
 bounds [0x0000021b1a550000, 0x0000021b1a7c0000, 0x0000021b21a80000]
CodeHeap 'non-nmethods': size=5760Kb used=1230Kb max_used=1250Kb free=4529Kb
 bounds [0x0000021b19fb0000, 0x0000021b1a220000, 0x0000021b1a550000]
 total_blobs=831 nmethods=440 adapters=304
 compilation: enabled
              stopped_count=0, restarted_count=0
 full_count=0

Compilation events (20 events):
Event: 1628.903 Thread 0x0000021b365b2f40  465       4       org.eclipse.jdt.launching.internal.org.objectweb.asm.Symbol::<init> (38 bytes)
Event: 1628.903 Thread 0x0000021b365b61a0  466       3       org.eclipse.jdt.launching.internal.org.objectweb.asm.ClassVisitor::visitMethod (24 bytes)
Event: 1628.904 Thread 0x0000021b365b61a0 nmethod 466 0x0000021b1a5e9910 code [0x0000021b1a5e9ac0, 0x0000021b1a5e9d28]
Event: 1628.904 Thread 0x0000021b365b61a0  467       3       org.eclipse.jdt.launching.internal.org.objectweb.asm.ClassWriter::visitMethod (57 bytes)
Event: 1628.906 Thread 0x0000021b365b2f40 

Event: 1628.906 Thread 0x0000021b365b61a0 

Event: 1628.906 Thread 0x0000021b365b61a0  468       3       org.eclipse.jdt.launching.internal.org.objectweb.asm.MethodWriter::<init> (232 bytes)
Event: 1628.907 Thread 0x0000021b365b61a0 nmethod 468 0x0000021b1a5e9e10 code [0x0000021b1a5ea0a0, 0x0000021b1a5eadc8]
Event: 1628.907 Thread 0x0000021b365b61a0  469       3       org.eclipse.jdt.launching.internal.org.objectweb.asm.MethodVisitor::<init> (7 bytes)
Event: 1628.907 Thread 0x0000021b365b61a0 nmethod 469 0x0000021b1a5eb290 code [0x0000021b1a5eb440, 0x0000021b1a5eb588]
Event: 1628.907 Thread 0x0000021b365b61a0  470       3       org.eclipse.jdt.launching.internal.org.objectweb.asm.MethodVisitor::<init> (94 bytes)
Event: 1628.907 Thread 0x0000021b365b61a0 nmethod 470 0x0000021b1a5eb610 code [0x0000021b1a5eb860, 0x0000021b1a5ec188]
Event: 1676.829 Thread 0x0000021b365b2f40  471       4       org.eclipse.jdt.launching.internal.org.objectweb.asm.ClassReader::readUTF8 (23 bytes)
Event: 1676.829 Thread 0x0000021b365b61a0  472       3       org.eclipse.jdt.launching.internal.org.objectweb.asm.SymbolTable::addConstantUtf8 (98 bytes)
Event: 1676.831 Thread 0x0000021b365b61a0 

Event: 1676.831 Thread 0x0000021b365b2f40 

Event: 1865.142 Thread 0x0000021b365b2f40  473       4       org.eclipse.jdt.launching.internal.org.objectweb.asm.Symbol::<init> (38 bytes)
Event: 1865.145 Thread 0x0000021b365b2f40 

Event: 1865.145 Thread 0x0000021b365b2f40  474       4       org.eclipse.jdt.launching.internal.org.objectweb.asm.SymbolTable$Entry::<init> (17 bytes)
Event: 1865.146 Thread 0x0000021b365b2f40 nmethod 474 0x0000021b21aa2d10 code [0x0000021b21aa2e80, 0x0000021b21aa30b8]

GC Heap History (0 events):
No events

Deoptimization events (20 events):
Event: 0.322 Thread 0x0000021b14dd9820 DEOPT PACKING pc=0x0000021b1a5c506d sp=0x0000002423ff8c70
Event: 0.322 Thread 0x0000021b14dd9820 DEOPT UNPACKING pc=0x0000021b19ffe23f sp=0x0000002423ff8138 mode 0
Event: 0.322 Thread 0x0000021b14dd9820 DEOPT PACKING pc=0x0000021b1a5c506d sp=0x0000002423ff8c70
Event: 0.322 Thread 0x0000021b14dd9820 DEOPT UNPACKING pc=0x0000021b19ffe23f sp=0x0000002423ff8138 mode 0
Event: 0.322 Thread 0x0000021b14dd9820 DEOPT PACKING pc=0x0000021b1a5c506d sp=0x0000002423ff8c70
Event: 0.322 Thread 0x0000021b14dd9820 DEOPT UNPACKING pc=0x0000021b19ffe23f sp=0x0000002423ff8138 mode 0
Event: 0.323 Thread 0x0000021b14dd9820 DEOPT PACKING pc=0x0000021b1a5c506d sp=0x0000002423ff8c70
Event: 0.323 Thread 0x0000021b14dd9820 DEOPT UNPACKING pc=0x0000021b19ffe23f sp=0x0000002423ff8138 mode 0
Event: 0.324 Thread 0x0000021b14dd9820 DEOPT PACKING pc=0x0000021b1a5c506d sp=0x0000002423ff8c70
Event: 0.324 Thread 0x0000021b14dd9820 DEOPT UNPACKING pc=0x0000021b19ffe23f sp=0x0000002423ff8138 mode 0
Event: 0.325 Thread 0x0000021b14dd9820 DEOPT PACKING pc=0x0000021b1a5c506d sp=0x0000002423ff8c70
Event: 0.325 Thread 0x0000021b14dd9820 DEOPT UNPACKING pc=0x0000021b19ffe23f sp=0x0000002423ff8138 mode 0
Event: 0.327 Thread 0x0000021b14dd9820 DEOPT PACKING pc=0x0000021b1a5c506d sp=0x0000002423ffc750
Event: 0.327 Thread 0x0000021b14dd9820 DEOPT UNPACKING pc=0x0000021b19ffe23f sp=0x0000002423ffbc18 mode 0
Event: 0.327 Thread 0x0000021b14dd9820 DEOPT PACKING pc=0x0000021b1a5c506d sp=0x0000002423ffc750
Event: 0.327 Thread 0x0000021b14dd9820 DEOPT UNPACKING pc=0x0000021b19ffe23f sp=0x0000002423ffbc18 mode 0
Event: 0.327 Thread 0x0000021b14dd9820 DEOPT PACKING pc=0x0000021b1a5c506d sp=0x0000002423ffc750
Event: 0.327 Thread 0x0000021b14dd9820 DEOPT UNPACKING pc=0x0000021b19ffe23f sp=0x0000002423ffbc18 mode 0
Event: 0.329 Thread 0x0000021b14dd9820 DEOPT PACKING pc=0x0000021b1a5c506d sp=0x0000002423ff8bf0
Event: 0.329 Thread 0x0000021b14dd9820 DEOPT UNPACKING pc=0x0000021b19ffe23f sp=0x0000002423ff80b8 mode 0

Classes unloaded (0 events):
No events

Classes redefined (20 events):
Event: 1261.353 Thread 0x0000021b36555420 redefined class name=glassBallsEgg.GlassBallsEgg, count=34
Event: 1282.703 Thread 0x0000021b36555420 redefined class name=glassBallsEgg.GlassBallsEgg, count=35
Event: 1328.115 Thread 0x0000021b36555420 redefined class name=glassBallsEgg.GlassBallsEgg, count=36
Event: 1365.298 Thread 0x0000021b36555420 redefined class name=glassBallsEgg.GlassBallsEgg, count=37
Event: 1380.148 Thread 0x0000021b36555420 redefined class name=glassBallsEgg.GlassBallsEgg, count=38
Event: 1388.243 Thread 0x0000021b36555420 redefined class name=glassBallsEgg.GlassBallsEgg, count=39
Event: 1429.901 Thread 0x0000021b36555420 redefined class name=glassBallsEgg.GlassBallsEgg, count=40
Event: 1434.775 Thread 0x0000021b36555420 redefined class name=glassBallsEgg.GlassBallsEgg, count=41
Event: 1454.260 Thread 0x0000021b36555420 redefined class name=glassBallsEgg.GlassBallsEgg, count=42
Event: 1475.698 Thread 0x0000021b36555420 redefined class name=glassBallsEgg.GlassBallsEgg, count=43
Event: 1494.005 Thread 0x0000021b36555420 redefined class name=glassBallsEgg.GlassBallsEgg, count=44
Event: 1537.461 Thread 0x0000021b36555420 redefined class name=glassBallsEgg.GlassBallsEgg, count=45
Event: 1552.014 Thread 0x0000021b36555420 redefined class name=glassBallsEgg.GlassBallsEgg, count=46
Event: 1628.904 Thread 0x0000021b36555420 redefined class name=glassBallsEgg.GlassBallsEgg, count=47
Event: 1649.263 Thread 0x0000021b36555420 redefined class name=glassBallsEgg.GlassBallsEgg, count=48
Event: 1676.830 Thread 0x0000021b36555420 redefined class name=glassBallsEgg.GlassBallsEgg, count=49
Event: 1718.371 Thread 0x0000021b36555420 redefined class name=glassBallsEgg.GlassBallsEgg, count=50
Event: 1739.496 Thread 0x0000021b36555420 redefined class name=glassBallsEgg.GlassBallsEgg, count=51
Event: 1757.395 Thread 0x0000021b36555420 redefined class name=glassBallsEgg.GlassBallsEgg, count=52
Event: 1865.143 Thread 0x0000021b36555420 redefined class name=glassBallsEgg.GlassBallsEgg, count=53

Internal exceptions (5 events):
Event: 0.131 Thread 0x0000021b14dd9820 Exception <a 'java/lang/NoSuchMethodError'{0x00000007108b40b8}: 'void java.lang.invoke.DirectMethodHandle$Holder.invokeVirtual(java.lang.Object, java.lang.Object)'> (0x00000007108b40b8) 
thrown [./open/src/hotspot/share/interpreter/linkResolver.cpp, line 782]
Event: 0.228 Thread 0x0000021b14dd9820 Exception <a 'java/lang/NoSuchMethodError'{0x000000071061fd78}: 'void java.lang.invoke.DirectMethodHandle$Holder.invokeStatic(java.lang.Object, java.lang.Object)'> (0x000000071061fd78) 
thrown [./open/src/hotspot/share/interpreter/linkResolver.cpp, line 782]
Event: 0.228 Thread 0x0000021b14dd9820 Exception <a 'java/lang/NoSuchMethodError'{0x0000000710623638}: 'void java.lang.invoke.DirectMethodHandle$Holder.invokeStaticInit(java.lang.Object, java.lang.Object)'> (0x0000000710623638) 
thrown [./open/src/hotspot/share/interpreter/linkResolver.cpp, line 782]
Event: 0.302 Thread 0x0000021b14dd9820 Exception <a 'java/lang/NoSuchMethodError'{0x0000000710401940}: 'java.lang.Object java.lang.invoke.DirectMethodHandle$Holder.invokeStatic(java.lang.Object)'> (0x0000000710401940) 
thrown [./open/src/hotspot/share/interpreter/linkResolver.cpp, line 782]
Event: 2239.430 Thread 0x0000021b36851200 Exception <a 'java/lang/LinkageError'{0x00000007102bca70}> (0x00000007102bca70) 
thrown [./open/src/hotspot/share/oops/generateOopMap.cpp, line 2137]

Events (20 events):
Event: 2239.222 Executing VM operation: GetFrameLocation
Event: 2239.222 Executing VM operation: GetFrameLocation done
Event: 2239.223 Executing VM operation: GetFrameLocation
Event: 2239.223 Executing VM operation: GetFrameLocation done
Event: 2239.342 Executing VM operation: GetCurrentLocation
Event: 2239.342 Executing VM operation: GetCurrentLocation done
Event: 2239.342 Executing VM operation: ChangeSingleStep
Event: 2239.342 Executing VM operation: ChangeSingleStep done
Event: 2239.343 Executing VM operation: ChangeSingleStep
Event: 2239.343 Executing VM operation: ChangeSingleStep done
Event: 2239.343 Executing VM operation: GetFrameCount
Event: 2239.343 Executing VM operation: GetFrameCount done
Event: 2239.345 Executing VM operation: GetFrameCount
Event: 2239.345 Executing VM operation: GetFrameCount done
Event: 2239.345 Executing VM operation: GetStackTrace
Event: 2239.345 Executing VM operation: GetStackTrace done
Event: 2239.346 Executing VM operation: GetFrameCount
Event: 2239.346 Executing VM operation: GetFrameCount done
Event: 2239.363 Executing VM operation: GetFrameCount
Event: 2239.363 Executing VM operation: GetFrameCount done


Dynamic libraries:
0x00007ff7cf060000 - 0x00007ff7cf06d000 	C:\Users\john1\.p2\pool\plugins\org.eclipse.justj.openjdk.hotspot.jre.full.win32.x86_64_15.0.1.v20201027-0507\jre\bin\javaw.exe
0x00007ffca8180000 - 0x00007ffca8370000 	C:\WINDOWS\SYSTEM32\ntdll.dll
0x00007ffc86e20000 - 0x00007ffc86e32000 	C:\Program Files\AVAST Software\Avast\aswhook.dll
0x00007ffca73b0000 - 0x00007ffca7462000 	C:\WINDOWS\System32\KERNEL32.DLL
0x00007ffca58b0000 - 0x00007ffca5b55000 	C:\WINDOWS\System32\KERNELBASE.dll
0x00007ffca5f40000 - 0x00007ffca603a000 	C:\WINDOWS\System32\ucrtbase.dll
0x00007ffc99a90000 - 0x00007ffc99aa8000 	C:\Users\john1\.p2\pool\plugins\org.eclipse.justj.openjdk.hotspot.jre.full.win32.x86_64_15.0.1.v20201027-0507\jre\bin\jli.dll
0x00007ffca68c0000 - 0x00007ffca6a54000 	C:\WINDOWS\System32\USER32.dll
0x00007ffca5b60000 - 0x00007ffca5b81000 	C:\WINDOWS\System32\win32u.dll
0x00007ffca7260000 - 0x00007ffca7286000 	C:\WINDOWS\System32\GDI32.dll
0x00007ffca6040000 - 0x00007ffca61d8000 	C:\WINDOWS\System32\gdi32full.dll
0x00007ffca5b90000 - 0x00007ffca5c2e000 	C:\WINDOWS\System32\msvcp_win.dll
0x00007ffc96040000 - 0x00007ffc96059000 	C:\Users\john1\.p2\pool\plugins\org.eclipse.justj.openjdk.hotspot.jre.full.win32.x86_64_15.0.1.v20201027-0507\jre\bin\VCRUNTIME140.dll
0x00007ffc86220000 - 0x00007ffc864a4000 	C:\WINDOWS\WinSxS\amd64_microsoft.windows.common-controls_6595b64144ccf1df_6.0.18362.1316_none_9e7a364fe461dbd7\COMCTL32.dll
0x00007ffca7c30000 - 0x00007ffca7cce000 	C:\WINDOWS\System32\msvcrt.dll
0x00007ffca7560000 - 0x00007ffca7897000 	C:\WINDOWS\System32\combase.dll
0x00007ffca7290000 - 0x00007ffca73af000 	C:\WINDOWS\System32\RPCRT4.dll
0x00007ffca5d60000 - 0x00007ffca5de1000 	C:\WINDOWS\System32\bcryptPrimitives.dll
0x00007ffca63a0000 - 0x00007ffca63ce000 	C:\WINDOWS\System32\IMM32.DLL
0x00007ffc93340000 - 0x00007ffc9334c000 	C:\Users\john1\.p2\pool\plugins\org.eclipse.justj.openjdk.hotspot.jre.full.win32.x86_64_15.0.1.v20201027-0507\jre\bin\vcruntime140_1.dll
0x00007ffc95d90000 - 0x00007ffc95e21000 	C:\Users\john1\.p2\pool\plugins\org.eclipse.justj.openjdk.hotspot.jre.full.win32.x86_64_15.0.1.v20201027-0507\jre\bin\msvcp140.dll
0x00007ffc5c260000 - 0x00007ffc5cdbe000 	C:\Users\john1\.p2\pool\plugins\org.eclipse.justj.openjdk.hotspot.jre.full.win32.x86_64_15.0.1.v20201027-0507\jre\bin\server\jvm.dll
0x00007ffca71b0000 - 0x00007ffca7253000 	C:\WINDOWS\System32\ADVAPI32.dll
0x00007ffca7a50000 - 0x00007ffca7ae7000 	C:\WINDOWS\System32\sechost.dll
0x00007ffca62c0000 - 0x00007ffca62c8000 	C:\WINDOWS\System32\PSAPI.DLL
0x00007ffc9a980000 - 0x00007ffc9a989000 	C:\WINDOWS\SYSTEM32\WSOCK32.dll
0x00007ffca74f0000 - 0x00007ffca755f000 	C:\WINDOWS\System32\WS2_32.dll
0x00007ffc9fb50000 - 0x00007ffc9fb74000 	C:\WINDOWS\SYSTEM32\WINMM.dll
0x00007ffc9f950000 - 0x00007ffc9f95a000 	C:\WINDOWS\SYSTEM32\VERSION.dll
0x00007ffc9fb20000 - 0x00007ffc9fb4d000 	C:\WINDOWS\SYSTEM32\WINMMBASE.dll
0x00007ffca61e0000 - 0x00007ffca622a000 	C:\WINDOWS\System32\cfgmgr32.dll
0x00007ffca50b0000 - 0x00007ffca50c1000 	C:\WINDOWS\System32\kernel.appcore.dll
0x00007ffc88df0000 - 0x00007ffc88dfa000 	C:\Users\john1\.p2\pool\plugins\org.eclipse.justj.openjdk.hotspot.jre.full.win32.x86_64_15.0.1.v20201027-0507\jre\bin\jimage.dll
0x00007ffc9ef60000 - 0x00007ffc9f154000 	C:\WINDOWS\SYSTEM32\DBGHELP.DLL
0x00007ffc9fc90000 - 0x00007ffc9fcba000 	C:\WINDOWS\SYSTEM32\dbgcore.DLL
0x00007ffc95ce0000 - 0x00007ffc95d19000 	C:\Users\john1\.p2\pool\plugins\org.eclipse.justj.openjdk.hotspot.jre.full.win32.x86_64_15.0.1.v20201027-0507\jre\bin\jdwp.dll
0x00007ffc96030000 - 0x00007ffc9603e000 	C:\Users\john1\.p2\pool\plugins\org.eclipse.justj.openjdk.hotspot.jre.full.win32.x86_64_15.0.1.v20201027-0507\jre\bin\instrument.dll
0x00007ffc7ffe0000 - 0x00007ffc80005000 	C:\Users\john1\.p2\pool\plugins\org.eclipse.justj.openjdk.hotspot.jre.full.win32.x86_64_15.0.1.v20201027-0507\jre\bin\java.dll
0x00007ffc7c870000 - 0x00007ffc7c888000 	C:\Users\john1\.p2\pool\plugins\org.eclipse.justj.openjdk.hotspot.jre.full.win32.x86_64_15.0.1.v20201027-0507\jre\bin\zip.dll
0x00007ffca6ac0000 - 0x00007ffca71a8000 	C:\WINDOWS\System32\SHELL32.dll
0x00007ffca6810000 - 0x00007ffca68b7000 	C:\WINDOWS\System32\shcore.dll
0x00007ffca5100000 - 0x00007ffca587b000 	C:\WINDOWS\System32\windows.storage.dll
0x00007ffca50d0000 - 0x00007ffca50f3000 	C:\WINDOWS\System32\profapi.dll
0x00007ffca5040000 - 0x00007ffca508a000 	C:\WINDOWS\System32\powrprof.dll
0x00007ffca5030000 - 0x00007ffca5040000 	C:\WINDOWS\System32\UMPDC.dll
0x00007ffca6260000 - 0x00007ffca62b2000 	C:\WINDOWS\System32\shlwapi.dll
0x00007ffca5d40000 - 0x00007ffca5d57000 	C:\WINDOWS\System32\cryptsp.dll
0x00007ffc7c850000 - 0x00007ffc7c869000 	C:\Users\john1\.p2\pool\plugins\org.eclipse.justj.openjdk.hotspot.jre.full.win32.x86_64_15.0.1.v20201027-0507\jre\bin\net.dll
0x00007ffca0450000 - 0x00007ffca0540000 	C:\WINDOWS\SYSTEM32\WINHTTP.dll
0x00007ffca4870000 - 0x00007ffca48d7000 	C:\WINDOWS\system32\mswsock.dll
0x00007ffc7c830000 - 0x00007ffc7c842000 	C:\Users\john1\.p2\pool\plugins\org.eclipse.justj.openjdk.hotspot.jre.full.win32.x86_64_15.0.1.v20201027-0507\jre\bin\nio.dll
0x00007ffc96000000 - 0x00007ffc9600b000 	C:\Users\john1\.p2\pool\plugins\org.eclipse.justj.openjdk.hotspot.jre.full.win32.x86_64_15.0.1.v20201027-0507\jre\bin\dt_socket.dll
0x00007ffca4580000 - 0x00007ffca45ba000 	C:\WINDOWS\SYSTEM32\IPHLPAPI.DLL
0x00007ffca45c0000 - 0x00007ffca468b000 	C:\WINDOWS\SYSTEM32\DNSAPI.dll
0x00007ffca6650000 - 0x00007ffca6658000 	C:\WINDOWS\System32\NSI.dll
0x00007ffca30b0000 - 0x00007ffca30ba000 	C:\Windows\System32\rasadhlp.dll
0x00007ffca3030000 - 0x00007ffca30a7000 	C:\WINDOWS\System32\fwpuclnt.dll
0x00007ffca5880000 - 0x00007ffca58a6000 	C:\WINDOWS\System32\bcrypt.dll
0x00007ffc88dc0000 - 0x00007ffc88dd0000 	C:\Users\john1\.p2\pool\plugins\org.eclipse.justj.openjdk.hotspot.jre.full.win32.x86_64_15.0.1.v20201027-0507\jre\bin\verify.dll

dbghelp: loaded successfully - version: 4.0.5 - missing functions: none
symbol engine: initialized successfully - sym options: 0x614 - pdb path: .;C:\Users\john1\.p2\pool\plugins\org.eclipse.justj.openjdk.hotspot.jre.full.win32.x86_64_15.0.1.v20201027-0507\jre\bin;C:\WINDOWS\SYSTEM32;C:\Program Files\AVAST Software\Avast;C:\WINDOWS\WinSxS\amd64_microsoft.windows.common-controls_6595b64144ccf1df_6.0.18362.1316_none_9e7a364fe461dbd7;C:\Users\john1\.p2\pool\plugins\org.eclipse.justj.openjdk.hotspot.jre.full.win32.x86_64_15.0.1.v20201027-0507\jre\bin\server

VM Arguments:
jvm_args: -XX:+ShowCodeDetailsInExceptionMessages -agentlib:jdwp=transport=dt_socket,suspend=y,address=localhost:16948 -javaagent:C:\Users\john1\eclipse\java-2020-12\eclipse\configuration\org.eclipse.osgi\220\0\.cp\lib\javaagent-shaded.jar -Dfile.encoding=Cp1252 --module-path=D:\eclipse-workspace\Algo1\bin -Djdk.module.main=algo1 
java_command: algo1/glassBallsEgg.GlassBallsEgg
java_class_path (initial): <not set>
Launcher Type: SUN_STANDARD

[Global flags]
     intx CICompilerCount                          = 4                                         {product} {ergonomic}
     uint ConcGCThreads                            = 2                                         {product} {ergonomic}
     uint G1ConcRefinementThreads                  = 8                                         {product} {ergonomic}
   size_t G1HeapRegionSize                         = 2097152                                   {product} {ergonomic}
    uintx GCDrainStackTargetSize                   = 64                                        {product} {ergonomic}
   size_t InitialHeapSize                          = 268435456                                 {product} {ergonomic}
   size_t MarkStackSize                            = 4194304                                   {product} {ergonomic}
   size_t MaxHeapSize                              = 4284481536                                {product} {ergonomic}
   size_t MaxNewSize                               = 2569011200                                {product} {ergonomic}
   size_t MinHeapDeltaBytes                        = 2097152                                   {product} {ergonomic}
   size_t MinHeapSize                              = 8388608                                   {product} {ergonomic}
    uintx NonNMethodCodeHeapSize                   = 5839372                                {pd product} {ergonomic}
    uintx NonProfiledCodeHeapSize                  = 122909434                              {pd product} {ergonomic}
    uintx ProfiledCodeHeapSize                     = 122909434                              {pd product} {ergonomic}
    uintx ReservedCodeCacheSize                    = 251658240                              {pd product} {ergonomic}
     bool SegmentedCodeCache                       = true                                      {product} {ergonomic}
     bool ShowCodeDetailsInExceptionMessages       = true                                   {manageable} {command line}
   size_t SoftMaxHeapSize                          = 4284481536                             {manageable} {ergonomic}
     bool UseCompressedClassPointers               = true                                 {lp64_product} {ergonomic}
     bool UseCompressedOops                        = true                                 {lp64_product} {ergonomic}
     bool UseG1GC                                  = true                                      {product} {ergonomic}
     bool UseLargePagesIndividualAllocation        = false                                  {pd product} {ergonomic}

Logging:
Log output configuration:
 #0: stdout all=warning uptime,level,tags
 #1: stderr all=off uptime,level,tags

Environment Variables:
PATH=C:\Users\john1\.p2\pool\plugins\org.eclipse.justj.openjdk.hotspot.jre.full.win32.x86_64_15.0.1.v20201027-0507\jre\bin;C:/Users/john1/.p2/pool/plugins/org.eclipse.justj.openjdk.hotspot.jre.full.win32.x86_64_15.0.1.v20201027-0507/jre/bin/server;C:/Users/john1/.p2/pool/plugins/org.eclipse.justj.openjdk.hotspot.jre.full.win32.x86_64_15.0.1.v20201027-0507/jre/bin;C:\Program Files\Common Files\Oracle\Java\javapath;C:\Program Files (x86)\Common Files\Oracle\Java\javapath;C:\Windows\system32;C:\Windows;C:\Windows\System32\Wbem;C:\Windows\System32\WindowsPowerShell\v1.0\;C:\Program Files (x86)\AMD\ATI.ACE\Core-Static;C:\Users\john1\AppData\Local\Microsoft\WindowsApps;C:\adb;C:\WINDOWS\system32;C:\WINDOWS;C:\WINDOWS\System32\Wbem;C:\WINDOWS\System32\WindowsPowerShell\v1.0\;C:\WINDOWS\System32\OpenSSH\;C:\Users\john1\AppData\Local\Microsoft\WindowsApps;;C:\Users\john1\eclipse\java-2020-12\eclipse;
USERNAME=john1
OS=Windows_NT
PROCESSOR_IDENTIFIER=Intel64 Family 6 Model 94 Stepping 3, GenuineIntel



---------------  S Y S T E M  ---------------

OS:
 Windows 10 , 64 bit Build 18362 (10.0.18362.1316)
OS uptime: 0 days 16:59 hours

CPU: total 8 (initial active 8) (4 cores per cpu, 2 threads per core) family 6 model 94 stepping 3 microcode 0xcc, cmov, cx8, fxsr, mmx, sse, sse2, sse3, ssse3, sse4.1, sse4.2, popcnt, vzeroupper, avx, avx2, aes, clmul, erms, rtm, 3dnowpref, lzcnt, ht, tsc, tscinvbit, bmi1, bmi2, adx, fma, clflush, clflushopt

Memory: 4k page, system-wide physical 16336M (10275M free)
TotalPageFile size 21200M (AvailPageFile size 14120M)
current process WorkingSet (physical memory assigned to process): 48M, peak: 48M
current process commit charge ("private bytes"): 344M, peak: 346M

vm_info: OpenJDK 64-Bit Server VM (15.0.1+9-18) for windows-amd64 JRE (15.0.1+9-18), built on Sep 15 2020 14:39:31 by "mach5one" with unknown MS VC++:1925

END.
